<?xml version="1.0" encoding="UTF-8"?>
<testsuite name="ParcelTest" tests="1" skipped="0" failures="0" errors="0" timestamp="2016-02-15T22:03:48" hostname="epicodus-61.local" time="0.001">
  <properties/>
  <testcase name="newParcel_instantiatesCorrectly" classname="ParcelTest" time="0.001"/>
  <system-out><![CDATA[]]></system-out>
  <system-err><![CDATA[]]></system-err>
</testsuite>
