<?xml version="1.0" encoding="UTF-8"?>
<testsuite name="ParcelTest" tests="4" skipped="0" failures="0" errors="0" timestamp="2016-02-15T23:53:50" hostname="epicodus-61.local" time="0.001">
  <properties/>
  <testcase name="newParcel_instantiatesCorrectly" classname="ParcelTest" time="0.001"/>
  <testcase name="getBasicShippingCost_secretShippingFormula_mBasicShippingCost" classname="ParcelTest" time="0.0"/>
  <testcase name="getVolume_addsDimensions" classname="ParcelTest" time="0.0"/>
  <testcase name="speedModifier_addSurchargesToCost" classname="ParcelTest" time="0.0"/>
  <system-out><![CDATA[]]></system-out>
  <system-err><![CDATA[]]></system-err>
</testsuite>
